<?xml version="1.0" encoding="UTF-8"?>
<!-- Generated by org.testng.reporters.JUnitReportReporter -->
<testsuite hostname="DESKTOP-9RB9S5V" failures="0" tests="1" name="Jenkins.MultipleElements" time="34.440" errors="0" timestamp="2023-04-25T23:35:23 IST" skipped="0">
  <testcase classname="Jenkins.MultipleElements" name="elements" time="34.440"/>
  <system-out/>
</testsuite> <!-- Jenkins.MultipleElements -->
